<?xml version="1.0" encoding="UTF-8"?>
<testsuite name="ServerServiceTest" tests="3" skipped="0" failures="0" errors="0" timestamp="2026-01-31T22:09:42.483Z" hostname="Mac.home" time="0.012">
  <properties/>
  <testcase name="&#x1f9ea; UT_Server_01: Security Validation - Protocol Whitelist" classname="ServerServiceTest" time="0.008"/>
  <testcase name="&#x1f9ea; UT_Server_03: Dynamic Configuration - URL Generation" classname="ServerServiceTest" time="0.002"/>
  <testcase name="&#x1f9ea; UT_Server_02: Orchestrator State - Initial Registry" classname="ServerServiceTest" time="0.001"/>
  <system-out><![CDATA[   [CHECK] Sending unapproved protocol: 'malicious_protocol'
   [ASSERT] Caught expected exception: Invalid protocol: malicious_protocol
   [INPUT] Host IP: 10.0.0.1, Port: 7000
   [ASSERT] Generated BaseURL: http://10.0.0.1:7000
   [CHECK] Inspecting server registry before any client requests...
   [ASSERT] Registry size is: 0
]]></system-out>
  <system-err><![CDATA[]]></system-err>
</testsuite>
